<?xml version="1.0" encoding="UTF-8"?>
<!-- Generated by org.testng.reporters.JUnitReportReporter -->
<testsuite hostname="DESKTOP-SKAFIJN" failures="0" tests="1" name="AdvantageOnlineShopping.POMexcercise" time="12.136" errors="0" timestamp="06 dic. 2022 17:05:53 GMT" skipped="0">
  <testcase classname="AdvantageOnlineShopping.POMexcercise" name="POMExcerciseAOS" time="12.136"/>
</testsuite> <!-- AdvantageOnlineShopping.POMexcercise -->
