<?xml version="1.0" encoding="UTF-8"?>
<!-- Generated by org.testng.reporters.JUnitReportReporter -->
<testsuite hostname="DESKTOP-SKAFIJN" failures="0" tests="1" name="AdvantageOnlineShopping.ShoppingHomework" time="18.432" errors="0" timestamp="09 dic. 2022 23:04:08 GMT" skipped="0">
  <testcase classname="AdvantageOnlineShopping.ShoppingHomework" name="ShoppingHome" time="18.432"/>
</testsuite> <!-- AdvantageOnlineShopping.ShoppingHomework -->
